2017-06-20 20:16:15,583 [Worker-3] INFO  o.e.m.c.i.p.ProjectConfigurationManager - Collecting project info '/pom.xml' F:\Project2\backend\pom.xml
2017-06-20 20:16:19,946 [Worker-3] INFO  o.e.m.c.i.l.LifecycleMappingFactory - Using org.maven.ide.eclipse.wtp.WarLifecycleMapping lifecycle mapping for MavenProject: com.niit:backend:0.0.1-SNAPSHOT @ F:\Project2\backend\pom.xml.
2017-06-20 20:16:21,562 [Worker-3] INFO  o.e.m.j.i.AbstractJavaProjectConfigurator - Adding source folder /backend/src/main/java
2017-06-20 20:16:21,563 [Worker-3] INFO  o.e.m.j.i.AbstractJavaProjectConfigurator - Adding resource folder /backend/src/main/resources
2017-06-20 20:16:21,565 [Worker-3] INFO  o.e.m.j.i.AbstractJavaProjectConfigurator - Adding source folder /backend/src/test/java
2017-06-20 20:16:28,461 [Worker-3] INFO  o.e.m.c.i.p.ProjectConfigurationManager - Imported and configured 1 project(s) in 12 sec
2017-06-20 20:16:29,193 [Worker-9] WARN  o.e.m.c.i.embedder.EclipseLogger - Using platform encoding (Cp1252 actually) to copy filtered resources, i.e. build is platform dependent!
2017-06-20 20:16:29,204 [Worker-9] INFO  o.e.m.c.i.embedder.EclipseLogger - Copying 0 resource
2017-06-20 20:16:29,207 [Worker-9] WARN  o.e.m.c.i.embedder.EclipseLogger - Using platform encoding (Cp1252 actually) to copy filtered resources, i.e. build is platform dependent!
2017-06-20 20:16:29,208 [Worker-9] INFO  o.e.m.c.i.embedder.EclipseLogger - skip non existing resourceDirectory F:\Project2\backend\src\test\resources
2017-06-20 20:16:31,704 [Worker-8] WARN  o.e.m.c.i.embedder.EclipseLogger - Using platform encoding (Cp1252 actually) to copy filtered resources, i.e. build is platform dependent!
2017-06-20 20:16:31,708 [Worker-8] INFO  o.e.m.c.i.embedder.EclipseLogger - Copying 0 resource
2017-06-20 20:16:31,710 [Worker-8] WARN  o.e.m.c.i.embedder.EclipseLogger - Using platform encoding (Cp1252 actually) to copy filtered resources, i.e. build is platform dependent!
2017-06-20 20:16:31,711 [Worker-8] INFO  o.e.m.c.i.embedder.EclipseLogger - skip non existing resourceDirectory F:\Project2\backend\src\test\resources
2017-06-20 20:17:38,972 [Worker-7] WARN  o.e.m.c.i.embedder.EclipseLogger - Using platform encoding (Cp1252 actually) to copy filtered resources, i.e. build is platform dependent!
2017-06-20 20:17:38,974 [Worker-7] INFO  o.e.m.c.i.embedder.EclipseLogger - Copying 0 resource
2017-06-20 20:17:38,976 [Worker-7] WARN  o.e.m.c.i.embedder.EclipseLogger - Using platform encoding (Cp1252 actually) to copy filtered resources, i.e. build is platform dependent!
2017-06-20 20:17:38,977 [Worker-7] INFO  o.e.m.c.i.embedder.EclipseLogger - skip non existing resourceDirectory F:\Project2\backend\src\test\resources
2017-06-20 20:18:27,551 [Worker-3] WARN  o.e.m.c.i.embedder.EclipseLogger - Using platform encoding (Cp1252 actually) to copy filtered resources, i.e. build is platform dependent!
2017-06-20 20:18:27,552 [Worker-3] INFO  o.e.m.c.i.embedder.EclipseLogger - Copying 0 resource
2017-06-20 20:18:27,554 [Worker-3] WARN  o.e.m.c.i.embedder.EclipseLogger - Using platform encoding (Cp1252 actually) to copy filtered resources, i.e. build is platform dependent!
2017-06-20 20:18:27,557 [Worker-3] INFO  o.e.m.c.i.embedder.EclipseLogger - skip non existing resourceDirectory F:\Project2\backend\src\test\resources
2017-06-20 20:18:59,621 [Worker-10] WARN  o.e.m.c.i.embedder.EclipseLogger - Using platform encoding (Cp1252 actually) to copy filtered resources, i.e. build is platform dependent!
2017-06-20 20:18:59,623 [Worker-10] INFO  o.e.m.c.i.embedder.EclipseLogger - Copying 0 resource
2017-06-20 20:18:59,627 [Worker-10] WARN  o.e.m.c.i.embedder.EclipseLogger - Using platform encoding (Cp1252 actually) to copy filtered resources, i.e. build is platform dependent!
2017-06-20 20:18:59,628 [Worker-10] INFO  o.e.m.c.i.embedder.EclipseLogger - skip non existing resourceDirectory F:\Project2\backend\src\test\resources
2017-06-20 20:19:27,222 [Worker-2] WARN  o.e.m.c.i.embedder.EclipseLogger - Using platform encoding (Cp1252 actually) to copy filtered resources, i.e. build is platform dependent!
2017-06-20 20:19:27,222 [Worker-2] INFO  o.e.m.c.i.embedder.EclipseLogger - Copying 0 resource
2017-06-20 20:19:27,222 [Worker-2] WARN  o.e.m.c.i.embedder.EclipseLogger - Using platform encoding (Cp1252 actually) to copy filtered resources, i.e. build is platform dependent!
2017-06-20 20:19:27,222 [Worker-2] INFO  o.e.m.c.i.embedder.EclipseLogger - skip non existing resourceDirectory F:\Project2\backend\src\test\resources
2017-06-20 20:21:38,379 [Worker-3] INFO  o.e.m.c.i.l.LifecycleMappingFactory - Using org.maven.ide.eclipse.wtp.WarLifecycleMapping lifecycle mapping for MavenProject: com.niit:backend:0.0.1-SNAPSHOT @ F:\Project2\backend\pom.xml.
2017-06-20 20:21:41,930 [Worker-3] WARN  o.e.m.c.i.embedder.EclipseLogger - Using platform encoding (Cp1252 actually) to copy filtered resources, i.e. build is platform dependent!
2017-06-20 20:21:41,934 [Worker-3] INFO  o.e.m.c.i.embedder.EclipseLogger - Copying 0 resource
2017-06-20 20:21:41,936 [Worker-3] WARN  o.e.m.c.i.embedder.EclipseLogger - Using platform encoding (Cp1252 actually) to copy filtered resources, i.e. build is platform dependent!
2017-06-20 20:21:41,938 [Worker-3] INFO  o.e.m.c.i.embedder.EclipseLogger - skip non existing resourceDirectory F:\Project2\backend\src\test\resources
2017-06-20 20:21:41,938 [Worker-3] INFO  o.e.m.w.i.f.ResourceFilteringBuildParticipant - Changed resources require a complete clean of filtered resources of backend
2017-06-20 20:21:41,940 [Worker-3] INFO  o.e.m.w.i.f.ResourceFilteringBuildParticipant - Executing resource filtering for backend
2017-06-20 20:21:41,967 [Worker-3] WARN  o.e.m.c.i.embedder.EclipseLogger - Using platform encoding (Cp1252 actually) to copy filtered resources, i.e. build is platform dependent!
2017-06-20 20:21:45,693 [Worker-7] WARN  o.e.m.c.i.embedder.EclipseLogger - Using platform encoding (Cp1252 actually) to copy filtered resources, i.e. build is platform dependent!
2017-06-20 20:21:45,694 [Worker-7] INFO  o.e.m.c.i.embedder.EclipseLogger - Copying 0 resource
2017-06-20 20:21:45,697 [Worker-7] WARN  o.e.m.c.i.embedder.EclipseLogger - Using platform encoding (Cp1252 actually) to copy filtered resources, i.e. build is platform dependent!
2017-06-20 20:21:45,698 [Worker-7] INFO  o.e.m.c.i.embedder.EclipseLogger - skip non existing resourceDirectory F:\Project2\backend\src\test\resources
2017-06-20 20:22:41,061 [Worker-12] WARN  o.e.m.c.i.embedder.EclipseLogger - Using platform encoding (Cp1252 actually) to copy filtered resources, i.e. build is platform dependent!
2017-06-20 20:22:41,077 [Worker-12] INFO  o.e.m.c.i.embedder.EclipseLogger - Copying 0 resource
2017-06-20 20:22:41,077 [Worker-12] WARN  o.e.m.c.i.embedder.EclipseLogger - Using platform encoding (Cp1252 actually) to copy filtered resources, i.e. build is platform dependent!
2017-06-20 20:22:41,077 [Worker-12] INFO  o.e.m.c.i.embedder.EclipseLogger - skip non existing resourceDirectory F:\Project2\backend\src\test\resources
2017-06-20 20:23:22,711 [Worker-1] WARN  o.e.m.c.i.embedder.EclipseLogger - Using platform encoding (Cp1252 actually) to copy filtered resources, i.e. build is platform dependent!
2017-06-20 20:23:22,711 [Worker-1] INFO  o.e.m.c.i.embedder.EclipseLogger - Copying 0 resource
2017-06-20 20:23:22,711 [Worker-1] WARN  o.e.m.c.i.embedder.EclipseLogger - Using platform encoding (Cp1252 actually) to copy filtered resources, i.e. build is platform dependent!
2017-06-20 20:23:22,711 [Worker-1] INFO  o.e.m.c.i.embedder.EclipseLogger - skip non existing resourceDirectory F:\Project2\backend\src\test\resources
2017-06-20 20:23:36,068 [Worker-5] WARN  o.e.m.c.i.embedder.EclipseLogger - Using platform encoding (Cp1252 actually) to copy filtered resources, i.e. build is platform dependent!
2017-06-20 20:23:36,068 [Worker-5] INFO  o.e.m.c.i.embedder.EclipseLogger - Copying 0 resource
2017-06-20 20:23:36,068 [Worker-5] WARN  o.e.m.c.i.embedder.EclipseLogger - Using platform encoding (Cp1252 actually) to copy filtered resources, i.e. build is platform dependent!
2017-06-20 20:23:36,068 [Worker-5] INFO  o.e.m.c.i.embedder.EclipseLogger - skip non existing resourceDirectory F:\Project2\backend\src\test\resources
2017-06-20 20:23:44,731 [Worker-1] WARN  o.e.m.c.i.embedder.EclipseLogger - Using platform encoding (Cp1252 actually) to copy filtered resources, i.e. build is platform dependent!
2017-06-20 20:23:44,747 [Worker-1] INFO  o.e.m.c.i.embedder.EclipseLogger - Copying 0 resource
2017-06-20 20:23:44,747 [Worker-1] WARN  o.e.m.c.i.embedder.EclipseLogger - Using platform encoding (Cp1252 actually) to copy filtered resources, i.e. build is platform dependent!
2017-06-20 20:23:44,747 [Worker-1] INFO  o.e.m.c.i.embedder.EclipseLogger - skip non existing resourceDirectory F:\Project2\backend\src\test\resources
2017-06-20 20:24:28,344 [Worker-12] WARN  o.e.m.c.i.embedder.EclipseLogger - Using platform encoding (Cp1252 actually) to copy filtered resources, i.e. build is platform dependent!
2017-06-20 20:24:28,345 [Worker-12] INFO  o.e.m.c.i.embedder.EclipseLogger - Copying 0 resource
2017-06-20 20:24:28,347 [Worker-12] WARN  o.e.m.c.i.embedder.EclipseLogger - Using platform encoding (Cp1252 actually) to copy filtered resources, i.e. build is platform dependent!
2017-06-20 20:24:28,348 [Worker-12] INFO  o.e.m.c.i.embedder.EclipseLogger - skip non existing resourceDirectory F:\Project2\backend\src\test\resources
2017-06-20 20:24:42,512 [Worker-1] WARN  o.e.m.c.i.embedder.EclipseLogger - Using platform encoding (Cp1252 actually) to copy filtered resources, i.e. build is platform dependent!
2017-06-20 20:24:42,513 [Worker-1] INFO  o.e.m.c.i.embedder.EclipseLogger - Copying 0 resource
2017-06-20 20:24:42,516 [Worker-1] WARN  o.e.m.c.i.embedder.EclipseLogger - Using platform encoding (Cp1252 actually) to copy filtered resources, i.e. build is platform dependent!
2017-06-20 20:24:42,517 [Worker-1] INFO  o.e.m.c.i.embedder.EclipseLogger - skip non existing resourceDirectory F:\Project2\backend\src\test\resources
2017-06-20 20:26:09,916 [Worker-14] WARN  o.e.m.c.i.embedder.EclipseLogger - Using platform encoding (Cp1252 actually) to copy filtered resources, i.e. build is platform dependent!
2017-06-20 20:26:09,916 [Worker-14] INFO  o.e.m.c.i.embedder.EclipseLogger - Copying 0 resource
2017-06-20 20:26:09,916 [Worker-14] WARN  o.e.m.c.i.embedder.EclipseLogger - Using platform encoding (Cp1252 actually) to copy filtered resources, i.e. build is platform dependent!
2017-06-20 20:26:09,916 [Worker-14] INFO  o.e.m.c.i.embedder.EclipseLogger - skip non existing resourceDirectory F:\Project2\backend\src\test\resources
2017-06-20 20:26:43,008 [Worker-14] WARN  o.e.m.c.i.embedder.EclipseLogger - Using platform encoding (Cp1252 actually) to copy filtered resources, i.e. build is platform dependent!
2017-06-20 20:26:43,024 [Worker-14] INFO  o.e.m.c.i.embedder.EclipseLogger - Copying 0 resource
2017-06-20 20:26:43,024 [Worker-14] WARN  o.e.m.c.i.embedder.EclipseLogger - Using platform encoding (Cp1252 actually) to copy filtered resources, i.e. build is platform dependent!
2017-06-20 20:26:43,024 [Worker-14] INFO  o.e.m.c.i.embedder.EclipseLogger - skip non existing resourceDirectory F:\Project2\backend\src\test\resources
2017-06-20 20:27:26,929 [Worker-10] WARN  o.e.m.c.i.embedder.EclipseLogger - Using platform encoding (Cp1252 actually) to copy filtered resources, i.e. build is platform dependent!
2017-06-20 20:27:26,929 [Worker-10] INFO  o.e.m.c.i.embedder.EclipseLogger - Copying 0 resource
2017-06-20 20:27:26,929 [Worker-10] WARN  o.e.m.c.i.embedder.EclipseLogger - Using platform encoding (Cp1252 actually) to copy filtered resources, i.e. build is platform dependent!
2017-06-20 20:27:26,929 [Worker-10] INFO  o.e.m.c.i.embedder.EclipseLogger - skip non existing resourceDirectory F:\Project2\backend\src\test\resources
2017-06-20 20:29:46,485 [Worker-12] WARN  o.e.m.c.i.embedder.EclipseLogger - Using platform encoding (Cp1252 actually) to copy filtered resources, i.e. build is platform dependent!
2017-06-20 20:29:46,485 [Worker-12] INFO  o.e.m.c.i.embedder.EclipseLogger - Copying 0 resource
2017-06-20 20:29:46,485 [Worker-12] WARN  o.e.m.c.i.embedder.EclipseLogger - Using platform encoding (Cp1252 actually) to copy filtered resources, i.e. build is platform dependent!
2017-06-20 20:29:46,485 [Worker-12] INFO  o.e.m.c.i.embedder.EclipseLogger - skip non existing resourceDirectory F:\Project2\backend\src\test\resources
2017-06-20 20:31:07,818 [Worker-14] WARN  o.e.m.c.i.embedder.EclipseLogger - Using platform encoding (Cp1252 actually) to copy filtered resources, i.e. build is platform dependent!
2017-06-20 20:31:07,818 [Worker-14] INFO  o.e.m.c.i.embedder.EclipseLogger - Copying 0 resource
2017-06-20 20:31:07,818 [Worker-14] WARN  o.e.m.c.i.embedder.EclipseLogger - Using platform encoding (Cp1252 actually) to copy filtered resources, i.e. build is platform dependent!
2017-06-20 20:31:07,818 [Worker-14] INFO  o.e.m.c.i.embedder.EclipseLogger - skip non existing resourceDirectory F:\Project2\backend\src\test\resources
2017-06-20 20:31:25,184 [Worker-10] WARN  o.e.m.c.i.embedder.EclipseLogger - Using platform encoding (Cp1252 actually) to copy filtered resources, i.e. build is platform dependent!
2017-06-20 20:31:25,184 [Worker-10] INFO  o.e.m.c.i.embedder.EclipseLogger - Copying 0 resource
2017-06-20 20:31:25,184 [Worker-10] WARN  o.e.m.c.i.embedder.EclipseLogger - Using platform encoding (Cp1252 actually) to copy filtered resources, i.e. build is platform dependent!
2017-06-20 20:31:25,200 [Worker-10] INFO  o.e.m.c.i.embedder.EclipseLogger - skip non existing resourceDirectory F:\Project2\backend\src\test\resources
2017-06-20 20:31:58,399 [Worker-5] WARN  o.e.m.c.i.embedder.EclipseLogger - Using platform encoding (Cp1252 actually) to copy filtered resources, i.e. build is platform dependent!
2017-06-20 20:31:58,399 [Worker-5] INFO  o.e.m.c.i.embedder.EclipseLogger - Copying 0 resource
2017-06-20 20:31:58,399 [Worker-5] WARN  o.e.m.c.i.embedder.EclipseLogger - Using platform encoding (Cp1252 actually) to copy filtered resources, i.e. build is platform dependent!
2017-06-20 20:31:58,399 [Worker-5] INFO  o.e.m.c.i.embedder.EclipseLogger - skip non existing resourceDirectory F:\Project2\backend\src\test\resources
2017-06-20 20:32:21,008 [Worker-10] WARN  o.e.m.c.i.embedder.EclipseLogger - Using platform encoding (Cp1252 actually) to copy filtered resources, i.e. build is platform dependent!
2017-06-20 20:32:21,010 [Worker-10] INFO  o.e.m.c.i.embedder.EclipseLogger - Copying 0 resource
2017-06-20 20:32:21,013 [Worker-10] WARN  o.e.m.c.i.embedder.EclipseLogger - Using platform encoding (Cp1252 actually) to copy filtered resources, i.e. build is platform dependent!
2017-06-20 20:32:21,014 [Worker-10] INFO  o.e.m.c.i.embedder.EclipseLogger - skip non existing resourceDirectory F:\Project2\backend\src\test\resources
2017-06-20 20:36:21,572 [Worker-14] WARN  o.e.m.c.i.embedder.EclipseLogger - Using platform encoding (Cp1252 actually) to copy filtered resources, i.e. build is platform dependent!
2017-06-20 20:36:21,572 [Worker-14] INFO  o.e.m.c.i.embedder.EclipseLogger - Copying 0 resource
2017-06-20 20:36:21,572 [Worker-14] WARN  o.e.m.c.i.embedder.EclipseLogger - Using platform encoding (Cp1252 actually) to copy filtered resources, i.e. build is platform dependent!
2017-06-20 20:36:21,572 [Worker-14] INFO  o.e.m.c.i.embedder.EclipseLogger - skip non existing resourceDirectory F:\Project2\backend\src\test\resources
2017-06-20 20:37:13,369 [Worker-8] WARN  o.e.m.c.i.embedder.EclipseLogger - Using platform encoding (Cp1252 actually) to copy filtered resources, i.e. build is platform dependent!
2017-06-20 20:37:13,369 [Worker-8] INFO  o.e.m.c.i.embedder.EclipseLogger - Copying 0 resource
2017-06-20 20:37:13,369 [Worker-8] WARN  o.e.m.c.i.embedder.EclipseLogger - Using platform encoding (Cp1252 actually) to copy filtered resources, i.e. build is platform dependent!
2017-06-20 20:37:13,369 [Worker-8] INFO  o.e.m.c.i.embedder.EclipseLogger - skip non existing resourceDirectory F:\Project2\backend\src\test\resources
2017-06-20 20:37:34,316 [Worker-11] WARN  o.e.m.c.i.embedder.EclipseLogger - Using platform encoding (Cp1252 actually) to copy filtered resources, i.e. build is platform dependent!
2017-06-20 20:37:34,332 [Worker-11] INFO  o.e.m.c.i.embedder.EclipseLogger - Copying 0 resource
2017-06-20 20:37:34,332 [Worker-11] WARN  o.e.m.c.i.embedder.EclipseLogger - Using platform encoding (Cp1252 actually) to copy filtered resources, i.e. build is platform dependent!
2017-06-20 20:37:34,332 [Worker-11] INFO  o.e.m.c.i.embedder.EclipseLogger - skip non existing resourceDirectory F:\Project2\backend\src\test\resources
2017-06-20 20:42:35,664 [Worker-3] WARN  o.e.m.c.i.embedder.EclipseLogger - Using platform encoding (Cp1252 actually) to copy filtered resources, i.e. build is platform dependent!
2017-06-20 20:42:35,664 [Worker-3] INFO  o.e.m.c.i.embedder.EclipseLogger - Copying 0 resource
2017-06-20 20:42:35,664 [Worker-3] WARN  o.e.m.c.i.embedder.EclipseLogger - Using platform encoding (Cp1252 actually) to copy filtered resources, i.e. build is platform dependent!
2017-06-20 20:42:35,664 [Worker-3] INFO  o.e.m.c.i.embedder.EclipseLogger - skip non existing resourceDirectory F:\Project2\backend\src\test\resources
2017-06-20 20:43:05,684 [Worker-3] WARN  o.e.m.c.i.embedder.EclipseLogger - Using platform encoding (Cp1252 actually) to copy filtered resources, i.e. build is platform dependent!
2017-06-20 20:43:05,684 [Worker-3] INFO  o.e.m.c.i.embedder.EclipseLogger - Copying 0 resource
2017-06-20 20:43:05,684 [Worker-3] WARN  o.e.m.c.i.embedder.EclipseLogger - Using platform encoding (Cp1252 actually) to copy filtered resources, i.e. build is platform dependent!
2017-06-20 20:43:05,684 [Worker-3] INFO  o.e.m.c.i.embedder.EclipseLogger - skip non existing resourceDirectory F:\Project2\backend\src\test\resources
2017-06-20 20:43:10,035 [Worker-8] WARN  o.e.m.c.i.embedder.EclipseLogger - Using platform encoding (Cp1252 actually) to copy filtered resources, i.e. build is platform dependent!
2017-06-20 20:43:10,035 [Worker-8] INFO  o.e.m.c.i.embedder.EclipseLogger - Copying 0 resource
2017-06-20 20:43:10,051 [Worker-8] WARN  o.e.m.c.i.embedder.EclipseLogger - Using platform encoding (Cp1252 actually) to copy filtered resources, i.e. build is platform dependent!
2017-06-20 20:43:10,051 [Worker-8] INFO  o.e.m.c.i.embedder.EclipseLogger - skip non existing resourceDirectory F:\Project2\backend\src\test\resources
2017-06-20 20:43:28,295 [Worker-11] WARN  o.e.m.c.i.embedder.EclipseLogger - Using platform encoding (Cp1252 actually) to copy filtered resources, i.e. build is platform dependent!
2017-06-20 20:43:28,295 [Worker-11] INFO  o.e.m.c.i.embedder.EclipseLogger - Copying 0 resource
2017-06-20 20:43:28,295 [Worker-11] WARN  o.e.m.c.i.embedder.EclipseLogger - Using platform encoding (Cp1252 actually) to copy filtered resources, i.e. build is platform dependent!
2017-06-20 20:43:28,295 [Worker-11] INFO  o.e.m.c.i.embedder.EclipseLogger - skip non existing resourceDirectory F:\Project2\backend\src\test\resources
2017-06-20 20:43:39,547 [Worker-6] WARN  o.e.m.c.i.embedder.EclipseLogger - Using platform encoding (Cp1252 actually) to copy filtered resources, i.e. build is platform dependent!
2017-06-20 20:43:39,548 [Worker-6] INFO  o.e.m.c.i.embedder.EclipseLogger - Copying 0 resource
2017-06-20 20:43:39,550 [Worker-6] WARN  o.e.m.c.i.embedder.EclipseLogger - Using platform encoding (Cp1252 actually) to copy filtered resources, i.e. build is platform dependent!
2017-06-20 20:43:39,550 [Worker-6] INFO  o.e.m.c.i.embedder.EclipseLogger - skip non existing resourceDirectory F:\Project2\backend\src\test\resources
2017-06-20 20:44:44,742 [Worker-6] WARN  o.e.m.c.i.embedder.EclipseLogger - Using platform encoding (Cp1252 actually) to copy filtered resources, i.e. build is platform dependent!
2017-06-20 20:44:44,742 [Worker-6] INFO  o.e.m.c.i.embedder.EclipseLogger - Copying 0 resource
2017-06-20 20:44:44,742 [Worker-6] WARN  o.e.m.c.i.embedder.EclipseLogger - Using platform encoding (Cp1252 actually) to copy filtered resources, i.e. build is platform dependent!
2017-06-20 20:44:44,742 [Worker-6] INFO  o.e.m.c.i.embedder.EclipseLogger - skip non existing resourceDirectory F:\Project2\backend\src\test\resources
2017-06-20 20:45:43,365 [Worker-8] WARN  o.e.m.c.i.embedder.EclipseLogger - Using platform encoding (Cp1252 actually) to copy filtered resources, i.e. build is platform dependent!
2017-06-20 20:45:43,365 [Worker-8] INFO  o.e.m.c.i.embedder.EclipseLogger - Copying 0 resource
2017-06-20 20:45:43,365 [Worker-8] WARN  o.e.m.c.i.embedder.EclipseLogger - Using platform encoding (Cp1252 actually) to copy filtered resources, i.e. build is platform dependent!
2017-06-20 20:45:43,365 [Worker-8] INFO  o.e.m.c.i.embedder.EclipseLogger - skip non existing resourceDirectory F:\Project2\backend\src\test\resources
2017-06-20 20:46:19,674 [Worker-5] WARN  o.e.m.c.i.embedder.EclipseLogger - Using platform encoding (Cp1252 actually) to copy filtered resources, i.e. build is platform dependent!
2017-06-20 20:46:19,674 [Worker-5] INFO  o.e.m.c.i.embedder.EclipseLogger - Copying 0 resource
2017-06-20 20:46:19,674 [Worker-5] WARN  o.e.m.c.i.embedder.EclipseLogger - Using platform encoding (Cp1252 actually) to copy filtered resources, i.e. build is platform dependent!
2017-06-20 20:46:19,674 [Worker-5] INFO  o.e.m.c.i.embedder.EclipseLogger - skip non existing resourceDirectory F:\Project2\backend\src\test\resources
2017-06-20 20:47:10,465 [Worker-7] WARN  o.e.m.c.i.embedder.EclipseLogger - Using platform encoding (Cp1252 actually) to copy filtered resources, i.e. build is platform dependent!
2017-06-20 20:47:10,465 [Worker-7] INFO  o.e.m.c.i.embedder.EclipseLogger - Copying 0 resource
2017-06-20 20:47:10,465 [Worker-7] WARN  o.e.m.c.i.embedder.EclipseLogger - Using platform encoding (Cp1252 actually) to copy filtered resources, i.e. build is platform dependent!
2017-06-20 20:47:10,465 [Worker-7] INFO  o.e.m.c.i.embedder.EclipseLogger - skip non existing resourceDirectory F:\Project2\backend\src\test\resources
2017-06-20 20:48:05,358 [Worker-8] WARN  o.e.m.c.i.embedder.EclipseLogger - Using platform encoding (Cp1252 actually) to copy filtered resources, i.e. build is platform dependent!
2017-06-20 20:48:05,359 [Worker-8] INFO  o.e.m.c.i.embedder.EclipseLogger - Copying 0 resource
2017-06-20 20:48:05,361 [Worker-8] WARN  o.e.m.c.i.embedder.EclipseLogger - Using platform encoding (Cp1252 actually) to copy filtered resources, i.e. build is platform dependent!
2017-06-20 20:48:05,362 [Worker-8] INFO  o.e.m.c.i.embedder.EclipseLogger - skip non existing resourceDirectory F:\Project2\backend\src\test\resources
2017-06-20 21:08:25,980 [Worker-26] WARN  o.e.m.c.i.embedder.EclipseLogger - Using platform encoding (Cp1252 actually) to copy filtered resources, i.e. build is platform dependent!
2017-06-20 21:08:25,982 [Worker-26] INFO  o.e.m.c.i.embedder.EclipseLogger - Copying 0 resource
2017-06-20 21:08:25,983 [Worker-26] WARN  o.e.m.c.i.embedder.EclipseLogger - Using platform encoding (Cp1252 actually) to copy filtered resources, i.e. build is platform dependent!
2017-06-20 21:08:25,983 [Worker-26] INFO  o.e.m.c.i.embedder.EclipseLogger - skip non existing resourceDirectory F:\Project2\backend\src\test\resources
2017-06-21 18:54:00,619 [Worker-9] WARN  o.e.m.c.i.embedder.EclipseLogger - Using platform encoding (Cp1252 actually) to copy filtered resources, i.e. build is platform dependent!
2017-06-21 18:54:00,643 [Worker-9] INFO  o.e.m.c.i.embedder.EclipseLogger - Copying 0 resource
2017-06-21 18:54:00,646 [Worker-9] WARN  o.e.m.c.i.embedder.EclipseLogger - Using platform encoding (Cp1252 actually) to copy filtered resources, i.e. build is platform dependent!
2017-06-21 18:54:00,647 [Worker-9] INFO  o.e.m.c.i.embedder.EclipseLogger - skip non existing resourceDirectory F:\Project2\backend\src\test\resources
2017-06-21 19:21:42,963 [Worker-25] WARN  o.e.m.c.i.embedder.EclipseLogger - Using platform encoding (Cp1252 actually) to copy filtered resources, i.e. build is platform dependent!
2017-06-21 19:21:42,988 [Worker-25] INFO  o.e.m.c.i.embedder.EclipseLogger - Copying 0 resource
2017-06-21 19:21:42,991 [Worker-25] WARN  o.e.m.c.i.embedder.EclipseLogger - Using platform encoding (Cp1252 actually) to copy filtered resources, i.e. build is platform dependent!
2017-06-21 19:21:42,992 [Worker-25] INFO  o.e.m.c.i.embedder.EclipseLogger - skip non existing resourceDirectory F:\Project2\backend\src\test\resources
2017-06-21 19:49:46,100 [Worker-35] WARN  o.e.m.c.i.embedder.EclipseLogger - Using platform encoding (Cp1252 actually) to copy filtered resources, i.e. build is platform dependent!
2017-06-21 19:49:46,100 [Worker-35] INFO  o.e.m.c.i.embedder.EclipseLogger - Copying 0 resource
2017-06-21 19:49:46,100 [Worker-35] WARN  o.e.m.c.i.embedder.EclipseLogger - Using platform encoding (Cp1252 actually) to copy filtered resources, i.e. build is platform dependent!
2017-06-21 19:49:46,100 [Worker-35] INFO  o.e.m.c.i.embedder.EclipseLogger - skip non existing resourceDirectory F:\Project2\backend\src\test\resources
2017-06-21 19:52:07,085 [Worker-40] WARN  o.e.m.c.i.embedder.EclipseLogger - Using platform encoding (Cp1252 actually) to copy filtered resources, i.e. build is platform dependent!
2017-06-21 19:52:07,085 [Worker-40] INFO  o.e.m.c.i.embedder.EclipseLogger - Copying 0 resource
2017-06-21 19:52:07,085 [Worker-40] WARN  o.e.m.c.i.embedder.EclipseLogger - Using platform encoding (Cp1252 actually) to copy filtered resources, i.e. build is platform dependent!
2017-06-21 19:52:07,085 [Worker-40] INFO  o.e.m.c.i.embedder.EclipseLogger - skip non existing resourceDirectory F:\Project2\backend\src\test\resources
2017-06-21 19:53:53,210 [Worker-40] WARN  o.e.m.c.i.embedder.EclipseLogger - Using platform encoding (Cp1252 actually) to copy filtered resources, i.e. build is platform dependent!
2017-06-21 19:53:53,225 [Worker-40] INFO  o.e.m.c.i.embedder.EclipseLogger - Copying 0 resource
2017-06-21 19:53:53,225 [Worker-40] WARN  o.e.m.c.i.embedder.EclipseLogger - Using platform encoding (Cp1252 actually) to copy filtered resources, i.e. build is platform dependent!
2017-06-21 19:53:53,225 [Worker-40] INFO  o.e.m.c.i.embedder.EclipseLogger - skip non existing resourceDirectory F:\Project2\backend\src\test\resources
2017-06-21 19:54:42,752 [Worker-30] WARN  o.e.m.c.i.embedder.EclipseLogger - Using platform encoding (Cp1252 actually) to copy filtered resources, i.e. build is platform dependent!
2017-06-21 19:54:42,752 [Worker-30] INFO  o.e.m.c.i.embedder.EclipseLogger - Copying 0 resource
2017-06-21 19:54:42,752 [Worker-30] WARN  o.e.m.c.i.embedder.EclipseLogger - Using platform encoding (Cp1252 actually) to copy filtered resources, i.e. build is platform dependent!
2017-06-21 19:54:42,752 [Worker-30] INFO  o.e.m.c.i.embedder.EclipseLogger - skip non existing resourceDirectory F:\Project2\backend\src\test\resources
2017-06-21 19:55:52,458 [Worker-41] WARN  o.e.m.c.i.embedder.EclipseLogger - Using platform encoding (Cp1252 actually) to copy filtered resources, i.e. build is platform dependent!
2017-06-21 19:55:52,458 [Worker-41] INFO  o.e.m.c.i.embedder.EclipseLogger - Copying 0 resource
2017-06-21 19:55:52,458 [Worker-41] WARN  o.e.m.c.i.embedder.EclipseLogger - Using platform encoding (Cp1252 actually) to copy filtered resources, i.e. build is platform dependent!
2017-06-21 19:55:52,458 [Worker-41] INFO  o.e.m.c.i.embedder.EclipseLogger - skip non existing resourceDirectory F:\Project2\backend\src\test\resources
2017-06-21 19:56:57,499 [Worker-41] WARN  o.e.m.c.i.embedder.EclipseLogger - Using platform encoding (Cp1252 actually) to copy filtered resources, i.e. build is platform dependent!
2017-06-21 19:56:57,499 [Worker-41] INFO  o.e.m.c.i.embedder.EclipseLogger - Copying 0 resource
2017-06-21 19:56:57,499 [Worker-41] WARN  o.e.m.c.i.embedder.EclipseLogger - Using platform encoding (Cp1252 actually) to copy filtered resources, i.e. build is platform dependent!
2017-06-21 19:56:57,499 [Worker-41] INFO  o.e.m.c.i.embedder.EclipseLogger - skip non existing resourceDirectory F:\Project2\backend\src\test\resources
2017-06-21 19:57:27,444 [Worker-34] WARN  o.e.m.c.i.embedder.EclipseLogger - Using platform encoding (Cp1252 actually) to copy filtered resources, i.e. build is platform dependent!
2017-06-21 19:57:27,444 [Worker-34] INFO  o.e.m.c.i.embedder.EclipseLogger - Copying 0 resource
2017-06-21 19:57:27,444 [Worker-34] WARN  o.e.m.c.i.embedder.EclipseLogger - Using platform encoding (Cp1252 actually) to copy filtered resources, i.e. build is platform dependent!
2017-06-21 19:57:27,444 [Worker-34] INFO  o.e.m.c.i.embedder.EclipseLogger - skip non existing resourceDirectory F:\Project2\backend\src\test\resources
2017-06-21 19:58:23,779 [Worker-30] WARN  o.e.m.c.i.embedder.EclipseLogger - Using platform encoding (Cp1252 actually) to copy filtered resources, i.e. build is platform dependent!
2017-06-21 19:58:23,779 [Worker-30] INFO  o.e.m.c.i.embedder.EclipseLogger - Copying 0 resource
2017-06-21 19:58:23,779 [Worker-30] WARN  o.e.m.c.i.embedder.EclipseLogger - Using platform encoding (Cp1252 actually) to copy filtered resources, i.e. build is platform dependent!
2017-06-21 19:58:23,779 [Worker-30] INFO  o.e.m.c.i.embedder.EclipseLogger - skip non existing resourceDirectory F:\Project2\backend\src\test\resources
2017-06-21 20:10:30,375 [Worker-39] WARN  o.e.m.c.i.embedder.EclipseLogger - Using platform encoding (Cp1252 actually) to copy filtered resources, i.e. build is platform dependent!
2017-06-21 20:10:30,375 [Worker-39] INFO  o.e.m.c.i.embedder.EclipseLogger - Copying 0 resource
2017-06-21 20:10:30,375 [Worker-39] WARN  o.e.m.c.i.embedder.EclipseLogger - Using platform encoding (Cp1252 actually) to copy filtered resources, i.e. build is platform dependent!
2017-06-21 20:10:30,375 [Worker-39] INFO  o.e.m.c.i.embedder.EclipseLogger - skip non existing resourceDirectory F:\Project2\backend\src\test\resources
2017-06-21 20:13:12,699 [Worker-45] WARN  o.e.m.c.i.embedder.EclipseLogger - Using platform encoding (Cp1252 actually) to copy filtered resources, i.e. build is platform dependent!
2017-06-21 20:13:12,699 [Worker-45] INFO  o.e.m.c.i.embedder.EclipseLogger - Copying 0 resource
2017-06-21 20:13:12,699 [Worker-45] WARN  o.e.m.c.i.embedder.EclipseLogger - Using platform encoding (Cp1252 actually) to copy filtered resources, i.e. build is platform dependent!
2017-06-21 20:13:12,699 [Worker-45] INFO  o.e.m.c.i.embedder.EclipseLogger - skip non existing resourceDirectory F:\Project2\backend\src\test\resources
2017-06-21 20:13:24,861 [Worker-45] WARN  o.e.m.c.i.embedder.EclipseLogger - Using platform encoding (Cp1252 actually) to copy filtered resources, i.e. build is platform dependent!
2017-06-21 20:13:24,862 [Worker-45] INFO  o.e.m.c.i.embedder.EclipseLogger - Copying 0 resource
2017-06-21 20:13:24,864 [Worker-45] WARN  o.e.m.c.i.embedder.EclipseLogger - Using platform encoding (Cp1252 actually) to copy filtered resources, i.e. build is platform dependent!
2017-06-21 20:13:24,865 [Worker-45] INFO  o.e.m.c.i.embedder.EclipseLogger - skip non existing resourceDirectory F:\Project2\backend\src\test\resources
2017-06-21 20:17:25,409 [Worker-46] WARN  o.e.m.c.i.embedder.EclipseLogger - Using platform encoding (Cp1252 actually) to copy filtered resources, i.e. build is platform dependent!
2017-06-21 20:17:25,409 [Worker-46] INFO  o.e.m.c.i.embedder.EclipseLogger - Copying 0 resource
2017-06-21 20:17:25,409 [Worker-46] WARN  o.e.m.c.i.embedder.EclipseLogger - Using platform encoding (Cp1252 actually) to copy filtered resources, i.e. build is platform dependent!
2017-06-21 20:17:25,409 [Worker-46] INFO  o.e.m.c.i.embedder.EclipseLogger - skip non existing resourceDirectory F:\Project2\backend\src\test\resources
2017-06-21 20:18:45,698 [Worker-47] WARN  o.e.m.c.i.embedder.EclipseLogger - Using platform encoding (Cp1252 actually) to copy filtered resources, i.e. build is platform dependent!
2017-06-21 20:18:45,698 [Worker-47] INFO  o.e.m.c.i.embedder.EclipseLogger - Copying 0 resource
2017-06-21 20:18:45,698 [Worker-47] WARN  o.e.m.c.i.embedder.EclipseLogger - Using platform encoding (Cp1252 actually) to copy filtered resources, i.e. build is platform dependent!
2017-06-21 20:18:45,698 [Worker-47] INFO  o.e.m.c.i.embedder.EclipseLogger - skip non existing resourceDirectory F:\Project2\backend\src\test\resources
2017-06-21 20:20:16,357 [Worker-47] WARN  o.e.m.c.i.embedder.EclipseLogger - Using platform encoding (Cp1252 actually) to copy filtered resources, i.e. build is platform dependent!
2017-06-21 20:20:16,359 [Worker-47] INFO  o.e.m.c.i.embedder.EclipseLogger - Copying 0 resource
2017-06-21 20:20:16,361 [Worker-47] WARN  o.e.m.c.i.embedder.EclipseLogger - Using platform encoding (Cp1252 actually) to copy filtered resources, i.e. build is platform dependent!
2017-06-21 20:20:16,361 [Worker-47] INFO  o.e.m.c.i.embedder.EclipseLogger - skip non existing resourceDirectory F:\Project2\backend\src\test\resources
